<?xml version="1.0" encoding="UTF-8"?>
<testsuite xmlns:xsi="http://www.w3.org/2001/XMLSchema-instance" xsi:noNamespaceSchemaLocation="https://maven.apache.org/surefire/maven-surefire-plugin/xsd/surefire-test-report-3.0.xsd" version="3.0" name="TestRunner.testRun" time="75.157" tests="3" errors="0" skipped="0" failures="0">
  <properties>
[...]
</properties>
  <testcase name="Login the application" classname="Login to the application" time="25.599">
    <system-out><![CDATA[Feature: Login to the application

  Scenario: Login the application                                      # features/login.feature:4
    Given Launch the browser                                           # loginSteps.launch_the_browser()
    Then Login the url "https://admin-demo.nopcommerce.com/"           # loginSteps.login_the_url(String)
    Then Enter the username "admin@yourstore.com" and password "admin" # loginSteps.enter_the_username_and_password(String,String)
    And click on login                                                 # loginSteps.click_on_login()
    And close browser                                                  # loginSteps.close_browser()
]]></system-out>
    <system-err><![CDATA[Starting ChromeDriver 119.0.6045.105 (38c72552c5e15ba9b3117c0967a0fd105072d7c6-refs/branch-heads/6045@{#1103}) on port 19035
Only local connections are allowed.
Please see https://chromedriver.chromium.org/security-considerations for suggestions on keeping ChromeDriver safe.
ChromeDriver was started successfully.
Nov 15, 2023 8:21:28 PM org.openqa.selenium.remote.ProtocolHandshake createSession
INFO: Detected dialect: W3C
]]></system-err>
  </testcase>
  <testcase name="Login the application" classname="Login to the application" time="24.213">
    <system-out><![CDATA[
  Scenario Outline: Login the application # features/login.feature:12
    Given Launch the browser
    Then Login the url "https://admin-demo.nopcommerce.com/"
    Then Enter the username "<email>" and password "<password>"
    And click on login
    And close browser

    Examples: 

  Scenario Outline: Login the application                              # features/login.feature:21
    Given Launch the browser                                           # loginSteps.launch_the_browser()
    Then Login the url "https://admin-demo.nopcommerce.com/"           # loginSteps.login_the_url(String)
    Then Enter the username "admin@yourstore.com" and password "admin" # loginSteps.enter_the_username_and_password(String,String)
    And click on login                                                 # loginSteps.click_on_login()
    And close browser                                                  # loginSteps.close_browser()
]]></system-out>
    <system-err><![CDATA[Starting ChromeDriver 119.0.6045.105 (38c72552c5e15ba9b3117c0967a0fd105072d7c6-refs/branch-heads/6045@{#1103}) on port 3187
Only local connections are allowed.
Please see https://chromedriver.chromium.org/security-considerations for suggestions on keeping ChromeDriver safe.
ChromeDriver was started successfully.
Nov 15, 2023 8:21:52 PM org.openqa.selenium.remote.ProtocolHandshake createSession
INFO: Detected dialect: W3C
]]></system-err>
  </testcase>
  <testcase name="Login the application" classname="Login to the application" time="24.527">
    <system-out><![CDATA[
  Scenario Outline: Login the application                                 # features/login.feature:22
    Given Launch the browser                                              # loginSteps.launch_the_browser()
    Then Login the url "https://admin-demo.nopcommerce.com/"              # loginSteps.login_the_url(String)
    Then Enter the username "admin@yourstore.com" and password "admin123" # loginSteps.enter_the_username_and_password(String,String)
    And click on login                                                    # loginSteps.click_on_login()
    And close browser                                                     # loginSteps.close_browser()
]]></system-out>
    <system-err><![CDATA[Starting ChromeDriver 119.0.6045.105 (38c72552c5e15ba9b3117c0967a0fd105072d7c6-refs/branch-heads/6045@{#1103}) on port 22915
Only local connections are allowed.
Please see https://chromedriver.chromium.org/security-considerations for suggestions on keeping ChromeDriver safe.
ChromeDriver was started successfully.
Nov 15, 2023 8:22:17 PM org.openqa.selenium.remote.ProtocolHandshake createSession
INFO: Detected dialect: W3C
]]></system-err>
  </testcase>
</testsuite>